 --- Created by hyper, version 0.7 (31 Dec 2002)
 --- Date: 16:50  6Jan2020
 --- Uses module Methods, version 0.8 (24 Dec 2007)
 --- Reading from file: NAC0012h.inp
 made by hyper.m
 Mach=10.000  Sref=      6.0000  Cbar=  1.0000  Span=  6.0000
 Moment Reference,   x=      0.0000  y=      0.0000  z=  0.0000
     2 networks with     585 panels

 SOLUTIONS FOR COMPLETE VEHICLE IN BODY AXES
  #  alpha   beta      cx        cy        cz       cmx       cmy       cmz
  1  15.00   0.00   0.03760   0.00000   0.08550   0.02138  -0.02365  -0.00940

 SOLUTIONS FOR COMPLETE VEHICLE IN WIND AXES
  #  alpha   beta     clift    cdrag     cpitch
  1  15.00   0.00   0.07286   0.05845  -0.02365

 COMPUTATIONAL METHODS AND AVERAGE NORMALS
    C=compression method;   E=expansion method
   #  C  E    nx     ny     nz
   1 17  3 -0.000  0.000  0.000   wing
   2 17  3  0.000  1.000  0.000   wingwall

 COMPRESSION METHODS
    1  Modified Newtonian
    2  Newtonian-Prandtl-Meyer
    3  Tangent Wedge
    4  Tangent Wedge Infinite Mach
    5  Old Tangent Cone
    6  Cone At Angle Of Attack (later)
    7  VanDyke Unified
    8  Blunt Body Viscous (later)
    9  Shock Expansion (later)
   10  Free Molecular Flow (later)
   11  Input value of CpStag
   12  Hankey Flat Surface
   13  Smyth Delta Wing
   14  Modified Dahlem-Buck
   15  BlastWave (later)
   16  OSUBluntBody
   17  Tangent Cone (Edwards)

 EXPANSION METHODS
    1  Cp=0
    2  NewtonianPrandtlMeyer
    3  PrandtlMeyer
    4  ConeAtAngleOfAttack(later)
    5  VanDykeUnified
    6  Vacuum
    7  Shock Expansion (later)
    8  Input Value
    9  Free Molecular Flow(later)
   10  Modified Dahlem-Buck
   11  ACMempirical(later)
   12  half Prandtl-Meyer from freestream
